CRITICAL - 2024-12-30 09:03:33 --> ErrorException: Undefined variable $user
[Method: GET, Route: /]
in APPPATH\Views\profile.php on line 11.
 1 APPPATH\Views\profile.php(11): CodeIgniter\Debug\Exceptions->errorHandler(2, 'Undefined variable $user', 'C:\\Users\\ffuvi\\Documents\\GitHub\\IntegratedServiceSystem_Tugas-TST\\src\\codeigniter4\\app\\Views\\profile.php', 11)
 2 SYSTEMPATH\View\View.php(234): include('C:\\Users\\ffuvi\\Documents\\GitHub\\IntegratedServiceSystem_Tugas-TST\\src\\codeigniter4\\app\\Views\\profile.php')
 3 SYSTEMPATH\View\View.php(237): CodeIgniter\View\View->CodeIgniter\View\{closure}()
 4 SYSTEMPATH\Common.php(1171): CodeIgniter\View\View->render('profile', [], true)
 5 APPPATH\Controllers\Home.php(9): view('profile')
 6 SYSTEMPATH\CodeIgniter.php(933): App\Controllers\Home->index()
 7 SYSTEMPATH\CodeIgniter.php(509): CodeIgniter\CodeIgniter->runController(Object(App\Controllers\Home))
 8 SYSTEMPATH\CodeIgniter.php(355): CodeIgniter\CodeIgniter->handleRequest(null, Object(Config\Cache), false)
 9 SYSTEMPATH\Boot.php(325): CodeIgniter\CodeIgniter->run()
10 SYSTEMPATH\Boot.php(67): CodeIgniter\Boot::runCodeIgniter(Object(CodeIgniter\CodeIgniter))
11 FCPATH\index.php(56): CodeIgniter\Boot::bootWeb(Object(Config\Paths))
12 SYSTEMPATH\rewrite.php(44): require_once('C:\\Users\\ffuvi\\Documents\\GitHub\\IntegratedServiceSystem_Tugas-TST\\src\\codeigniter4\\public\\index.php')
CRITICAL - 2024-12-30 09:03:39 --> ErrorException: Undefined variable $user
[Method: GET, Route: /]
in APPPATH\Views\profile.php on line 11.
 1 APPPATH\Views\profile.php(11): CodeIgniter\Debug\Exceptions->errorHandler(2, 'Undefined variable $user', 'C:\\Users\\ffuvi\\Documents\\GitHub\\IntegratedServiceSystem_Tugas-TST\\src\\codeigniter4\\app\\Views\\profile.php', 11)
 2 SYSTEMPATH\View\View.php(234): include('C:\\Users\\ffuvi\\Documents\\GitHub\\IntegratedServiceSystem_Tugas-TST\\src\\codeigniter4\\app\\Views\\profile.php')
 3 SYSTEMPATH\View\View.php(237): CodeIgniter\View\View->CodeIgniter\View\{closure}()
 4 SYSTEMPATH\Common.php(1171): CodeIgniter\View\View->render('profile', [], true)
 5 APPPATH\Controllers\Home.php(9): view('profile')
 6 SYSTEMPATH\CodeIgniter.php(933): App\Controllers\Home->index()
 7 SYSTEMPATH\CodeIgniter.php(509): CodeIgniter\CodeIgniter->runController(Object(App\Controllers\Home))
 8 SYSTEMPATH\CodeIgniter.php(355): CodeIgniter\CodeIgniter->handleRequest(null, Object(Config\Cache), false)
 9 SYSTEMPATH\Boot.php(325): CodeIgniter\CodeIgniter->run()
10 SYSTEMPATH\Boot.php(67): CodeIgniter\Boot::runCodeIgniter(Object(CodeIgniter\CodeIgniter))
11 FCPATH\index.php(56): CodeIgniter\Boot::bootWeb(Object(Config\Paths))
12 SYSTEMPATH\rewrite.php(44): require_once('C:\\Users\\ffuvi\\Documents\\GitHub\\IntegratedServiceSystem_Tugas-TST\\src\\codeigniter4\\public\\index.php')
CRITICAL - 2024-12-30 09:03:47 --> ErrorException: Undefined variable $user
[Method: GET, Route: /]
in APPPATH\Views\profile.php on line 11.
 1 APPPATH\Views\profile.php(11): CodeIgniter\Debug\Exceptions->errorHandler(2, 'Undefined variable $user', 'C:\\Users\\ffuvi\\Documents\\GitHub\\IntegratedServiceSystem_Tugas-TST\\src\\codeigniter4\\app\\Views\\profile.php', 11)
 2 SYSTEMPATH\View\View.php(234): include('C:\\Users\\ffuvi\\Documents\\GitHub\\IntegratedServiceSystem_Tugas-TST\\src\\codeigniter4\\app\\Views\\profile.php')
 3 SYSTEMPATH\View\View.php(237): CodeIgniter\View\View->CodeIgniter\View\{closure}()
 4 SYSTEMPATH\Common.php(1171): CodeIgniter\View\View->render('profile', [], true)
 5 APPPATH\Controllers\Home.php(9): view('profile')
 6 SYSTEMPATH\CodeIgniter.php(933): App\Controllers\Home->index()
 7 SYSTEMPATH\CodeIgniter.php(509): CodeIgniter\CodeIgniter->runController(Object(App\Controllers\Home))
 8 SYSTEMPATH\CodeIgniter.php(355): CodeIgniter\CodeIgniter->handleRequest(null, Object(Config\Cache), false)
 9 SYSTEMPATH\Boot.php(325): CodeIgniter\CodeIgniter->run()
10 SYSTEMPATH\Boot.php(67): CodeIgniter\Boot::runCodeIgniter(Object(CodeIgniter\CodeIgniter))
11 FCPATH\index.php(56): CodeIgniter\Boot::bootWeb(Object(Config\Paths))
12 SYSTEMPATH\rewrite.php(44): require_once('C:\\Users\\ffuvi\\Documents\\GitHub\\IntegratedServiceSystem_Tugas-TST\\src\\codeigniter4\\public\\index.php')
ERROR - 2024-12-30 09:10:16 --> Error connecting to the database: mysqli_sql_exception: Access denied for user ''@'localhost' (using password: NO) in C:\Users\ffuvi\Documents\GitHub\IntegratedServiceSystem_Tugas-TST\src\codeigniter4\system\Database\MySQLi\Connection.php:186
Stack trace:
#0 C:\Users\ffuvi\Documents\GitHub\IntegratedServiceSystem_Tugas-TST\src\codeigniter4\system\Database\MySQLi\Connection.php(186): mysqli->real_connect('localhost', '', Object(SensitiveParameterValue), '', 3306, '', 0)
#1 C:\Users\ffuvi\Documents\GitHub\IntegratedServiceSystem_Tugas-TST\src\codeigniter4\system\Database\BaseConnection.php(421): CodeIgniter\Database\MySQLi\Connection->connect(false)
#2 C:\Users\ffuvi\Documents\GitHub\IntegratedServiceSystem_Tugas-TST\src\codeigniter4\system\Database\BaseConnection.php(616): CodeIgniter\Database\BaseConnection->initialize()
#3 C:\Users\ffuvi\Documents\GitHub\IntegratedServiceSystem_Tugas-TST\src\codeigniter4\system\Database\BaseBuilder.php(1644): CodeIgniter\Database\BaseConnection->query('SELECT *\nFROM `...', Array, false)
#4 C:\Users\ffuvi\Documents\GitHub\IntegratedServiceSystem_Tugas-TST\src\codeigniter4\system\Model.php(286): CodeIgniter\Database\BaseBuilder->get()
#5 C:\Users\ffuvi\Documents\GitHub\IntegratedServiceSystem_Tugas-TST\src\codeigniter4\system\BaseModel.php(676): CodeIgniter\Model->doFindAll(0, 0)
#6 C:\Users\ffuvi\Documents\GitHub\IntegratedServiceSystem_Tugas-TST\src\codeigniter4\app\Controllers\Home.php(13): CodeIgniter\BaseModel->findAll()
#7 C:\Users\ffuvi\Documents\GitHub\IntegratedServiceSystem_Tugas-TST\src\codeigniter4\system\CodeIgniter.php(933): App\Controllers\Home->index()
#8 C:\Users\ffuvi\Documents\GitHub\IntegratedServiceSystem_Tugas-TST\src\codeigniter4\system\CodeIgniter.php(509): CodeIgniter\CodeIgniter->runController(Object(App\Controllers\Home))
#9 C:\Users\ffuvi\Documents\GitHub\IntegratedServiceSystem_Tugas-TST\src\codeigniter4\system\CodeIgniter.php(355): CodeIgniter\CodeIgniter->handleRequest(NULL, Object(Config\Cache), false)
#10 C:\Users\ffuvi\Documents\GitHub\IntegratedServiceSystem_Tugas-TST\src\codeigniter4\system\Boot.php(325): CodeIgniter\CodeIgniter->run()
#11 C:\Users\ffuvi\Documents\GitHub\IntegratedServiceSystem_Tugas-TST\src\codeigniter4\system\Boot.php(67): CodeIgniter\Boot::runCodeIgniter(Object(CodeIgniter\CodeIgniter))
#12 C:\Users\ffuvi\Documents\GitHub\IntegratedServiceSystem_Tugas-TST\src\codeigniter4\public\index.php(56): CodeIgniter\Boot::bootWeb(Object(Config\Paths))
#13 C:\Users\ffuvi\Documents\GitHub\IntegratedServiceSystem_Tugas-TST\src\codeigniter4\system\rewrite.php(44): require_once('C:\\Users\\ffuvi\\...')
#14 {main}

Next CodeIgniter\Database\Exceptions\DatabaseException: Access denied for user ''@'localhost' (using password: NO) in C:\Users\ffuvi\Documents\GitHub\IntegratedServiceSystem_Tugas-TST\src\codeigniter4\system\Database\MySQLi\Connection.php:231
Stack trace:
#0 C:\Users\ffuvi\Documents\GitHub\IntegratedServiceSystem_Tugas-TST\src\codeigniter4\system\Database\BaseConnection.php(421): CodeIgniter\Database\MySQLi\Connection->connect(false)
#1 C:\Users\ffuvi\Documents\GitHub\IntegratedServiceSystem_Tugas-TST\src\codeigniter4\system\Database\BaseConnection.php(616): CodeIgniter\Database\BaseConnection->initialize()
#2 C:\Users\ffuvi\Documents\GitHub\IntegratedServiceSystem_Tugas-TST\src\codeigniter4\system\Database\BaseBuilder.php(1644): CodeIgniter\Database\BaseConnection->query('SELECT *\nFROM `...', Array, false)
#3 C:\Users\ffuvi\Documents\GitHub\IntegratedServiceSystem_Tugas-TST\src\codeigniter4\system\Model.php(286): CodeIgniter\Database\BaseBuilder->get()
#4 C:\Users\ffuvi\Documents\GitHub\IntegratedServiceSystem_Tugas-TST\src\codeigniter4\system\BaseModel.php(676): CodeIgniter\Model->doFindAll(0, 0)
#5 C:\Users\ffuvi\Documents\GitHub\IntegratedServiceSystem_Tugas-TST\src\codeigniter4\app\Controllers\Home.php(13): CodeIgniter\BaseModel->findAll()
#6 C:\Users\ffuvi\Documents\GitHub\IntegratedServiceSystem_Tugas-TST\src\codeigniter4\system\CodeIgniter.php(933): App\Controllers\Home->index()
#7 C:\Users\ffuvi\Documents\GitHub\IntegratedServiceSystem_Tugas-TST\src\codeigniter4\system\CodeIgniter.php(509): CodeIgniter\CodeIgniter->runController(Object(App\Controllers\Home))
#8 C:\Users\ffuvi\Documents\GitHub\IntegratedServiceSystem_Tugas-TST\src\codeigniter4\system\CodeIgniter.php(355): CodeIgniter\CodeIgniter->handleRequest(NULL, Object(Config\Cache), false)
#9 C:\Users\ffuvi\Documents\GitHub\IntegratedServiceSystem_Tugas-TST\src\codeigniter4\system\Boot.php(325): CodeIgniter\CodeIgniter->run()
#10 C:\Users\ffuvi\Documents\GitHub\IntegratedServiceSystem_Tugas-TST\src\codeigniter4\system\Boot.php(67): CodeIgniter\Boot::runCodeIgniter(Object(CodeIgniter\CodeIgniter))
#11 C:\Users\ffuvi\Documents\GitHub\IntegratedServiceSystem_Tugas-TST\src\codeigniter4\public\index.php(56): CodeIgniter\Boot::bootWeb(Object(Config\Paths))
#12 C:\Users\ffuvi\Documents\GitHub\IntegratedServiceSystem_Tugas-TST\src\codeigniter4\system\rewrite.php(44): require_once('C:\\Users\\ffuvi\\...')
#13 {main}
CRITICAL - 2024-12-30 09:10:16 --> CodeIgniter\Database\Exceptions\DatabaseException: Unable to connect to the database.
Main connection [MySQLi]: Access denied for user ''@'localhost' (using password: NO)
[Method: GET, Route: /]
in SYSTEMPATH\Database\BaseConnection.php on line 467.
 1 SYSTEMPATH\Database\BaseConnection.php(616): CodeIgniter\Database\BaseConnection->initialize()
 2 SYSTEMPATH\Database\BaseBuilder.php(1644): CodeIgniter\Database\BaseConnection->query('SELECT *
FROM `books`', [], false)
 3 SYSTEMPATH\Model.php(286): CodeIgniter\Database\BaseBuilder->get()
 4 SYSTEMPATH\BaseModel.php(676): CodeIgniter\Model->doFindAll(0, 0)
 5 APPPATH\Controllers\Home.php(13): CodeIgniter\BaseModel->findAll()
 6 SYSTEMPATH\CodeIgniter.php(933): App\Controllers\Home->index()
 7 SYSTEMPATH\CodeIgniter.php(509): CodeIgniter\CodeIgniter->runController(Object(App\Controllers\Home))
 8 SYSTEMPATH\CodeIgniter.php(355): CodeIgniter\CodeIgniter->handleRequest(null, Object(Config\Cache), false)
 9 SYSTEMPATH\Boot.php(325): CodeIgniter\CodeIgniter->run()
10 SYSTEMPATH\Boot.php(67): CodeIgniter\Boot::runCodeIgniter(Object(CodeIgniter\CodeIgniter))
11 FCPATH\index.php(56): CodeIgniter\Boot::bootWeb(Object(Config\Paths))
12 SYSTEMPATH\rewrite.php(44): require_once('C:\\Users\\ffuvi\\Documents\\GitHub\\IntegratedServiceSystem_Tugas-TST\\src\\codeigniter4\\public\\index.php')
